{"contracts/Notary.sol":{"l":{"67":19,"68":16,"78":14,"79":13,"84":3,"85":2,"86":1,"87":1,"92":7,"93":6,"94":5,"99":5,"110":6,"111":5,"112":6,"113":6,"114":6,"115":5,"116":5,"118":4,"123":2,"124":1,"125":1},"path":"/home/nedbear/Coding/Cardiofy-dapp/apps/notary/contracts/Notary.sol","s":{"1":19,"2":14,"3":3,"4":2,"5":1,"6":7,"7":6,"8":5,"9":6,"10":5,"11":6,"12":6,"13":6,"14":5,"15":4,"16":2,"17":1},"b":{"1":[3,16],"2":[1,13],"3":[3,1],"4":[1,2],"5":[1,1],"6":[7,1],"7":[1,6],"8":[1,5],"9":[6,1],"10":[1,5],"11":[1,5],"12":[2,2],"13":[1,1]},"f":{"1":19,"2":14,"3":3,"4":7,"5":6,"6":2},"fnMap":{"1":{"name":"onlyAttester","line":66,"loc":{"start":{"line":66,"column":4},"end":{"line":69,"column":4}}},"2":{"name":"constructor","line":77,"loc":{"start":{"line":77,"column":4},"end":{"line":80,"column":4}}},"3":{"name":"notarizeContract","line":83,"loc":{"start":{"line":83,"column":4},"end":{"line":88,"column":4}}},"4":{"name":"notarizeAsset","line":91,"loc":{"start":{"line":91,"column":4},"end":{"line":100,"column":4}}},"5":{"name":"publishBatch","line":109,"loc":{"start":{"line":109,"column":4},"end":{"line":119,"column":4}}},"6":{"name":"rotateAttester","line":122,"loc":{"start":{"line":122,"column":4},"end":{"line":126,"column":4}}}},"statementMap":{"1":{"start":{"line":67,"column":8},"end":{"line":67,"column":56}},"2":{"start":{"line":78,"column":8},"end":{"line":78,"column":63}},"3":{"start":{"line":84,"column":8},"end":{"line":84,"column":57}},"4":{"start":{"line":85,"column":8},"end":{"line":85,"column":71}},"5":{"start":{"line":87,"column":8},"end":{"line":87,"column":80}},"6":{"start":{"line":92,"column":8},"end":{"line":92,"column":57}},"7":{"start":{"line":93,"column":8},"end":{"line":93,"column":68}},"8":{"start":{"line":99,"column":8},"end":{"line":99,"column":74}},"9":{"start":{"line":110,"column":8},"end":{"line":110,"column":52}},"10":{"start":{"line":111,"column":8},"end":{"line":111,"column":4832}},"11":{"start":{"line":112,"column":12},"end":{"line":112,"column":51}},"12":{"start":{"line":113,"column":12},"end":{"line":113,"column":47}},"13":{"start":{"line":114,"column":12},"end":{"line":114,"column":66}},"14":{"start":{"line":116,"column":12},"end":{"line":116,"column":87}},"15":{"start":{"line":118,"column":8},"end":{"line":118,"column":53}},"16":{"start":{"line":123,"column":8},"end":{"line":123,"column":59}},"17":{"start":{"line":124,"column":8},"end":{"line":124,"column":51}}},"branchMap":{"1":{"line":67,"type":"if","locations":[{"start":{"line":67,"column":8},"end":{"line":67,"column":8}},{"start":{"line":67,"column":8},"end":{"line":67,"column":8}}]},"2":{"line":78,"type":"if","locations":[{"start":{"line":78,"column":8},"end":{"line":78,"column":8}},{"start":{"line":78,"column":8},"end":{"line":78,"column":8}}]},"3":{"line":83,"type":"if","locations":[{"start":{"line":83,"column":80},"end":{"line":83,"column":80}},{"start":{"line":83,"column":80},"end":{"line":83,"column":80}}]},"4":{"line":84,"type":"if","locations":[{"start":{"line":84,"column":8},"end":{"line":84,"column":8}},{"start":{"line":84,"column":8},"end":{"line":84,"column":8}}]},"5":{"line":85,"type":"if","locations":[{"start":{"line":85,"column":8},"end":{"line":85,"column":8}},{"start":{"line":85,"column":8},"end":{"line":85,"column":8}}]},"6":{"line":91,"type":"if","locations":[{"start":{"line":91,"column":74},"end":{"line":91,"column":74}},{"start":{"line":91,"column":74},"end":{"line":91,"column":74}}]},"7":{"line":92,"type":"if","locations":[{"start":{"line":92,"column":8},"end":{"line":92,"column":8}},{"start":{"line":92,"column":8},"end":{"line":92,"column":8}}]},"8":{"line":93,"type":"if","locations":[{"start":{"line":93,"column":8},"end":{"line":93,"column":8}},{"start":{"line":93,"column":8},"end":{"line":93,"column":8}}]},"9":{"line":109,"type":"if","locations":[{"start":{"line":109,"column":88},"end":{"line":109,"column":88}},{"start":{"line":109,"column":88},"end":{"line":109,"column":88}}]},"10":{"line":110,"type":"if","locations":[{"start":{"line":110,"column":8},"end":{"line":110,"column":8}},{"start":{"line":110,"column":8},"end":{"line":110,"column":8}}]},"11":{"line":114,"type":"if","locations":[{"start":{"line":114,"column":12},"end":{"line":114,"column":12}},{"start":{"line":114,"column":12},"end":{"line":114,"column":12}}]},"12":{"line":122,"type":"if","locations":[{"start":{"line":122,"column":58},"end":{"line":122,"column":58}},{"start":{"line":122,"column":58},"end":{"line":122,"column":58}}]},"13":{"line":123,"type":"if","locations":[{"start":{"line":123,"column":8},"end":{"line":123,"column":8}},{"start":{"line":123,"column":8},"end":{"line":123,"column":8}}]}}}}